<?xml version="1.0" encoding="UTF-8"?>
<!-- Generated by org.testng.reporters.JUnitXMLReporter -->
<testsuite ignored="0" hostname="LTPPUN052629499" failures="0" tests="10" name="Default test" time="22.878" errors="0" timestamp="2025-05-22T13:59:15 IST">
  <testcase classname="DataBase_testing.Db_testing" name="file_loadTableExistence" time="0.045"/>
  <testcase classname="DataBase_testing.Db_testing" name="columnsExistence" time="0.005"/>
  <testcase classname="DataBase_testing.Db_testing" name="validateColumnUpdatesfile_load" time="6.064"/>
  <testcase classname="DataBase_testing.Db_testing" name="existenceOfFile" time="0.003"/>
  <testcase classname="DataBase_testing.Db_testing" name="validateDuplicateContent" time="6.026"/>
  <testcase classname="DataBase_testing.Db_testing" name="testIDValidationForfile_loadTable" time="0.003"/>
  <testcase classname="DataBase_testing.Db_testing" name="file_metadataTablexistence" time="0.007"/>
  <testcase classname="DataBase_testing.Db_testing" name="file_metadatacolumnExists" time="0.005"/>
  <testcase classname="DataBase_testing.Db_testing" name="recordProcessed" time="0.005"/>
  <testcase classname="DataBase_testing.Db_testing" name="UnstructuredFile" time="10.04"/>
</testsuite> <!-- Default test -->
