<?xml version="1.0" encoding="UTF-8"?>
<!-- Generated by org.testng.reporters.JUnitXMLReporter -->
<testsuite ignored="1" hostname="LTPPUN052629499" failures="0" tests="26" name="Database Tests" time="119.617" errors="0" timestamp="2025-05-26T11:01:42 IST">
  <testcase classname="DataBase_testing.Db_testing" name="file_loadTableExistence" time="0.05"/>
  <testcase classname="DataBase_testing.Db_testing" name="columnsExistence" time="0.007"/>
  <testcase classname="DataBase_testing.Db_testing" name="validateColumnUpdatesfile_load" time="12.09"/>
  <testcase classname="DataBase_testing.Db_testing" name="existenceOfFile" time="0.011"/>
  <testcase classname="DataBase_testing.Db_testing" name="validateDuplicateContent" time="6.026"/>
  <testcase classname="DataBase_testing.Db_testing" name="testIDValidationForfile_loadTable" time="0.003"/>
  <testcase classname="DataBase_testing.Db_testing" name="file_metadataTablexistence" time="0.008"/>
  <testcase classname="DataBase_testing.Db_testing" name="file_metadatacolumnExists" time="0.004"/>
  <testcase classname="DataBase_testing.Db_testing" name="recordProcessed" time="0.006"/>
  <testcase classname="DataBase_testing.Db_testing" name="UnstructuredFile" time="10.032"/>
  <testcase classname="DataBase_testing.InvalidCreden" name="validateDatabaseConnection" time="0.05"/>
  <testcase classname="DataBase_testing.InvalidCreden" name="validateDatabaseConnection" time="0.023"/>
  <testcase classname="DataBase_testing.InvalidCreden" name="validateDatabaseConnection" time="0.016"/>
  <testcase classname="DataBase_testing.InvalidCreden" name="validateDatabaseConnection" time="0.008"/>
  <testcase classname="DataBase_testing.InvalidCreden" name="validateDatabaseConnection" time="0.019"/>
  <testcase classname="DataBase_testing.InvalidCreden" name="validateDatabaseConnection" time="0.002"/>
  <testcase classname="DataBase_testing.FileLoadIntegrationTest" name="insertCSVFile" time="12.051"/>
  <testcase classname="DataBase_testing.FileLoadIntegrationTest" name="insertTXTFile" time="15.063"/>
  <testcase classname="DataBase_testing.FileLoadIntegrationTest" name="insertXLSXFile" time="15.053"/>
  <testcase classname="DataBase_testing.FileLoadIntegrationTest" name="pngFile" time="15.059"/>
  <testcase classname="DataBase_testing.FileLoadIntegrationTest" name="jpgFile" time="15.064"/>
  <testcase classname="DataBase_testing.FileLoadIntegrationTest" name="checkLoadDateIsCurrent" time="9.073"/>
  <testcase classname="DataBase_testing.FileLoadIntegrationTest" name="emptyFile" time="9.035"/>
  <testcase classname="DataBase_testing.FileLoadIntegrationTest" name="checkErrorsColumnAllowsNull" time="0.025"/>
  <testcase classname="DataBase_testing.FileLoadIntegrationTest" name="checkRecordCountColumnType" time="0.02"/>
  <testcase classname="DataBase_testing.FileLoadIntegrationTest" name="checkIdFileMetadata" time="0.012"/>
  <testcase classname="baseDB.BaseDB" name="@AfterSuite tearDown" time="0.0">
    <ignored/>
  </testcase> <!-- @AfterSuite tearDown -->
</testsuite> <!-- Database Tests -->
